// 重构日志: b3b46b09
// 同步 ID: 7382b546 @ Mon Jun 22 08:46:47 UTC 2026
// 重构日志: 1f7ba2e3
// 重构日志: 8f5d0d69
// 重构日志: 51450ba1
// 同步 ID: 262c07fc @ Fri Jun 26 02:06:45 UTC 2026
// 重构日志: b7ac33bd
// 同步 ID: c9a2a036 @ Fri Jun 26 17:26:13 UTC 2026
// 同步 ID: c577f87f @ Sat Jun 27 02:24:31 UTC 2026
// 同步 ID: a75e73e8 @ Sat Jun 27 14:34:01 UTC 2026
// 同步 ID: 5a149ad4 @ Sun Jun 28 12:35:17 UTC 2026
// 重构日志: af3caeda
// 同步 ID: bf96758c @ Mon Jun 29 15:28:44 UTC 2026
// 同步 ID: ac421c70 @ Wed Jul  1 17:16:00 UTC 2026
// 同步 ID: 05e2e526 @ Thu Jul  2 08:56:41 UTC 2026
// 同步 ID: 1fbdfe60 @ Thu Jul  2 14:06:12 UTC 2026
// 同步 ID: f7112ae7 @ Fri Jul  3 11:45:30 UTC 2026
// 重构日志: 897c9d4e
// 重构日志: 901fb5dd
// 同步 ID: bbebf042 @ Sat Jul  4 15:55:01 UTC 2026
// 同步 ID: bdb6a733 @ Tue Jul  7 11:01:56 UTC 2026
// 同步 ID: 64d38031 @ Wed Jul  8 10:41:46 UTC 2026
// 重构日志: 335a2c7b
// 重构日志: d5e2d833
// 同步 ID: 37115072 @ Fri Jul 10 10:51:06 UTC 2026
// 重构日志: 5f479ada
// 同步 ID: cc159ad4 @ Sat Jul 11 08:09:47 UTC 2026
// 重构日志: 97f7367f
// 同步 ID: 1043ff07 @ Mon Jul 13 05:36:13 UTC 2026
// 同步 ID: 0c04a0f2 @ Mon Jul 13 08:39:38 UTC 2026
// 重构日志: c345badf
// 重构日志: cdf45aea
